
Message Received.

****************************************************************************

Service Type : 0
Client Name : 
Message : service1
Read Pipe : 
Special Field : (@

****************************************************************************

Message Sent.
****************************************************************************

Service Type : 0
Client Name : service1
Message : this is service1
Read Pipe : 
Special Field : 

****************************************************************************

Message Received.

****************************************************************************

Service Type : 0
Client Name : client
Message : hey_service1
Read Pipe : 
Special Field : (@

****************************************************************************

Message Sent.
****************************************************************************

Service Type : 0
Client Name : service1
Message : this is service1
Read Pipe : 
Special Field : 

****************************************************************************

Message Received.

****************************************************************************

Service Type : 0
Client Name : client
Message : hey_service1
Read Pipe : 
Special Field : (@
